
> view-log@0.0.0 start
> node ./bin/www

server start post: 30001
[0mGET / [32m200 [0m14.805 ms - 1692[0m
[0mGET /stylesheets/style.css [32m200 [0m5.127 ms - 270[0m
[0mGET /favicon.ico [33m404 [0m7.245 ms - 933[0m
[0mGET /listalllog/api? [0m- [0m- ms - -[0m
/docker-entrypoint.sh: /docker-entrypoint.d/ is not empty, will attempt to perform configuration
/docker-entrypoint.sh: Looking for shell scripts in /docker-entrypoint.d/
/docker-entrypoint.sh: Launching /docker-entrypoint.d/10-listen-on-ipv6-by-default.sh
10-listen-on-ipv6-by-default.sh: info: Getting the checksum of /etc/nginx/conf.d/default.conf
10-listen-on-ipv6-by-default.sh: info: Enabled listen on IPv6 in /etc/nginx/conf.d/default.conf
/docker-entrypoint.sh: Launching /docker-entrypoint.d/20-envsubst-on-templates.sh
/docker-entrypoint.sh: Launching /docker-entrypoint.d/30-tune-worker-processes.sh
/docker-entrypoint.sh: Configuration complete; ready for start up

[0mGET /listalllog/nginx? [32m200 [0m177.971 ms - 2369[0m
[0mGET /stylesheets/style.css [32m200 [0m2.193 ms - 270[0m
[0mGET / [32m200 [0m3.022 ms - 1692[0m
[0mGET /stylesheets/style.css [32m200 [0m1.034 ms - 270[0m
[0mGET /listalllog/syncdata? [32m200 [0m149.605 ms - 1699[0m
[0mGET /stylesheets/style.css [32m200 [0m1.655 ms - 270[0m
[0mGET /listalllog/dataextract? [32m200 [0m182.676 ms - 1699[0m
[0mGET /stylesheets/style.css [32m200 [0m0.995 ms - 270[0m
[0mGET /listalllog/api? [32m200 [0m181.177 ms - 1699[0m
[0mGET /stylesheets/style.css [32m200 [0m1.090 ms - 270[0m
/docker-entrypoint.sh: /docker-entrypoint.d/ is not empty, will attempt to perform configuration
/docker-entrypoint.sh: Looking for shell scripts in /docker-entrypoint.d/
/docker-entrypoint.sh: Launching /docker-entrypoint.d/10-listen-on-ipv6-by-default.sh
10-listen-on-ipv6-by-default.sh: info: Getting the checksum of /etc/nginx/conf.d/default.conf
10-listen-on-ipv6-by-default.sh: info: Enabled listen on IPv6 in /etc/nginx/conf.d/default.conf
/docker-entrypoint.sh: Launching /docker-entrypoint.d/20-envsubst-on-templates.sh
/docker-entrypoint.sh: Launching /docker-entrypoint.d/30-tune-worker-processes.sh
/docker-entrypoint.sh: Configuration complete; ready for start up

[0mGET /listalllog/nginx? [32m200 [0m180.716 ms - 2369[0m
[0mGET /stylesheets/style.css [32m200 [0m0.601 ms - 270[0m
[0mGET / [32m200 [0m1.206 ms - 1692[0m
[0mGET /stylesheets/style.css [32m200 [0m1.563 ms - 270[0m
